2025-06-08 17:59:22,628 - INFO - 🔄 Fetching reviews for CBE...
2025-06-08 17:59:24,687 - INFO - Found 500 reviews for CBE.
2025-06-08 17:59:24,687 - INFO - Extracting data for CBE...
2025-06-08 17:59:24,713 - INFO - Data saved to /home/hill/KAIM/projects/week-2/src/data/../../data/raw/CBE.csv.
2025-06-08 17:59:24,713 - INFO - 🔄 Fetching reviews for Dashen...
2025-06-08 17:59:26,510 - INFO - Found 449 reviews for Dashen.
2025-06-08 17:59:26,511 - INFO - Extracting data for Dashen...
2025-06-08 17:59:26,534 - INFO - Data saved to /home/hill/KAIM/projects/week-2/src/data/../../data/raw/Dashen.csv.
2025-06-08 17:59:26,534 - INFO - 🔄 Fetching reviews for BOA...
2025-06-08 17:59:27,987 - INFO - Found 500 reviews for BOA.
2025-06-08 17:59:27,988 - INFO - Extracting data for BOA...
2025-06-08 17:59:28,012 - INFO - Data saved to /home/hill/KAIM/projects/week-2/src/data/../../data/raw/BOA.csv.
2025-06-08 17:59:28,013 - INFO - 🔄 Fetching reviews for CBE...
2025-06-08 17:59:29,391 - INFO - Found 500 reviews for CBE.
2025-06-08 17:59:29,391 - INFO - Extracting data for CBE...
2025-06-08 17:59:29,411 - INFO - Data saved to /home/hill/KAIM/projects/week-2/src/data/../../data/raw/CBE.csv.
2025-06-08 17:59:29,411 - INFO - 🔄 Fetching reviews for Dashen...
2025-06-08 17:59:30,948 - INFO - Found 449 reviews for Dashen.
2025-06-08 17:59:30,949 - INFO - Extracting data for Dashen...
2025-06-08 17:59:30,972 - INFO - Data saved to /home/hill/KAIM/projects/week-2/src/data/../../data/raw/Dashen.csv.
2025-06-08 17:59:30,972 - INFO - 🔄 Fetching reviews for BOA...
2025-06-08 17:59:32,324 - INFO - Found 500 reviews for BOA.
2025-06-08 17:59:32,324 - INFO - Extracting data for BOA...
2025-06-08 17:59:32,345 - INFO - Data saved to /home/hill/KAIM/projects/week-2/src/data/../../data/raw/BOA.csv.
